2025-09-17 08:30:34,786 [INFO] BEGIN (implicit)
2025-09-17 08:30:34,787 [INFO] PRAGMA main.table_info("patients")
2025-09-17 08:30:34,787 [INFO] [raw sql] ()
2025-09-17 08:30:34,790 [INFO] PRAGMA temp.table_info("patients")
2025-09-17 08:30:34,790 [INFO] [raw sql] ()
2025-09-17 08:30:34,791 [INFO] 
CREATE TABLE patients (
	id INTEGER NOT NULL, 
	name VARCHAR(255) NOT NULL, 
	age INTEGER NOT NULL, 
	disease VARCHAR(255) NOT NULL, 
	PRIMARY KEY (id)
)


2025-09-17 08:30:34,791 [INFO] [no key 0.00032s] ()
2025-09-17 08:30:34,804 [INFO] COMMIT
2025-09-17 08:30:34,854 [INFO] [31m[1mWARNING: This is a development server. Do not use it in a production deployment. Use a production WSGI server instead.[0m
 * Running on http://127.0.0.1:5000
2025-09-17 08:30:34,855 [INFO] [33mPress CTRL+C to quit[0m
2025-09-17 08:30:34,856 [INFO]  * Restarting with stat
2025-09-17 08:30:35,392 [INFO] BEGIN (implicit)
2025-09-17 08:30:35,393 [INFO] PRAGMA main.table_info("patients")
2025-09-17 08:30:35,393 [INFO] [raw sql] ()
2025-09-17 08:30:35,395 [INFO] COMMIT
2025-09-17 08:30:35,410 [WARNING]  * Debugger is active!
2025-09-17 08:30:35,414 [INFO]  * Debugger PIN: 115-571-964
2025-09-17 08:31:12,914 [INFO]  * Detected change in 'C:\\Users\\stsharm2\\OneDrive - Cisco\\Desktop\\Cisco-learning\\Cisco_learning\\Project\\hms\\app\\crud.py', reloading
2025-09-17 08:31:12,993 [INFO]  * Restarting with stat
